# JRE version: Java(TM) SE Runtime Environment (8.0_65-b17) (build 1.8.0_65-b17)
# Java VM: Java HotSpot(TM) 64-Bit Server VM (25.65-b01 mixed mode windows-amd64 compressed oops)
Heap:
 PSYoungGen      total 217600K, used 99291K [0x0000000715580000, 0x0000000724e80000, 0x00000007c0000000)
  eden space 195584K, 39% used [0x0000000715580000,0x000000071a0fae98,0x0000000721480000)
  from space 22016K, 99% used [0x0000000723900000,0x0000000724e7beb8,0x0000000724e80000)
  to   space 17408K, 0% used [0x0000000721480000,0x0000000721480000,0x0000000722580000)
 ParOldGen       total 92160K, used 65810K [0x00000005c0000000, 0x00000005c5a00000, 0x0000000715580000)
  object space 92160K, 71% used [0x00000005c0000000,0x00000005c4044930,0x00000005c5a00000)
 Metaspace       used 29318K, capacity 29986K, committed 30080K, reserved 1075200K
  class space    used 3248K, capacity 3393K, committed 3456K, reserved 1048576K
GC Heap History (10 events):
Event: 16.965 GC heap before
{Heap before GC invocations=9 (full 0):
 PSYoungGen      total 134144K, used 86122K [0x0000000715580000, 0x000000071f780000, 0x00000007c0000000)
  eden space 125440K, 61% used [0x0000000715580000,0x000000071a11bc48,0x000000071d000000)
  from space 8704K, 99% used [0x000000071e000000,0x000000071e87ec70,0x000000071e880000)
  to   space 16384K, 0% used [0x000000071d000000,0x000000071d000000,0x000000071e000000)
 ParOldGen       total 87552K, used 25755K [0x00000005c0000000, 0x00000005c5580000, 0x0000000715580000)
  object space 87552K, 29% used [0x00000005c0000000,0x00000005c1926d50,0x00000005c5580000)
 Metaspace       used 20717K, capacity 21116K, committed 21248K, reserved 1069056K
  class space    used 2376K, capacity 2486K, committed 2560K, reserved 1048576K
Event: 17.112 GC heap after
Heap after GC invocations=9 (full 0):
 PSYoungGen      total 141824K, used 12647K [0x0000000715580000, 0x0000000723b80000, 0x00000007c0000000)
  eden space 125440K, 0% used [0x0000000715580000,0x0000000715580000,0x000000071d000000)
  from space 16384K, 77% used [0x000000071d000000,0x000000071dc59f50,0x000000071e000000)
  to   space 17408K, 0% used [0x0000000722a80000,0x0000000722a80000,0x0000000723b80000)
 ParOldGen       total 87552K, used 27915K [0x00000005c0000000, 0x00000005c5580000, 0x0000000715580000)
  object space 87552K, 31% used [0x00000005c0000000,0x00000005c1b42d50,0x00000005c5580000)
 Metaspace       used 20717K, capacity 21116K, committed 21248K, reserved 1069056K
  class space    used 2376K, capacity 2486K, committed 2560K, reserved 1048576K
}
Event: 17.112 GC heap before
{Heap before GC invocations=10 (full 1):
 PSYoungGen      total 141824K, used 12647K [0x0000000715580000, 0x0000000723b80000, 0x00000007c0000000)
  eden space 125440K, 0% used [0x0000000715580000,0x0000000715580000,0x000000071d000000)
  from space 16384K, 77% used [0x000000071d000000,0x000000071dc59f50,0x000000071e000000)
  to   space 17408K, 0% used [0x0000000722a80000,0x0000000722a80000,0x0000000723b80000)
 ParOldGen       total 87552K, used 27915K [0x00000005c0000000, 0x00000005c5580000, 0x0000000715580000)
  object space 87552K, 31% used [0x00000005c0000000,0x00000005c1b42d50,0x00000005c5580000)
 Metaspace       used 20717K, capacity 21116K, committed 21248K, reserved 1069056K
  class space    used 2376K, capacity 2486K, committed 2560K, reserved 1048576K
Event: 17.635 GC heap after
Heap after GC invocations=10 (full 1):
 PSYoungGen      total 141824K, used 0K [0x0000000715580000, 0x0000000723b80000, 0x00000007c0000000)
  eden space 125440K, 0% used [0x0000000715580000,0x0000000715580000,0x000000071d000000)
  from space 16384K, 0% used [0x000000071d000000,0x000000071d000000,0x000000071e000000)
  to   space 17408K, 0% used [0x0000000722a80000,0x0000000722a80000,0x0000000723b80000)
 ParOldGen       total 92160K, used 34787K [0x00000005c0000000, 0x00000005c5a00000, 0x0000000715580000)
  object space 92160K, 37% used [0x00000005c0000000,0x00000005c21f8fa0,0x00000005c5a00000)
 Metaspace       used 20717K, capacity 21116K, committed 21248K, reserved 1069056K
  class space    used 2376K, capacity 2486K, committed 2560K, reserved 1048576K
}
Event: 20.302 GC heap before
{Heap before GC invocations=11 (full 1):
 PSYoungGen      total 141824K, used 125440K [0x0000000715580000, 0x0000000723b80000, 0x00000007c0000000)
  eden space 125440K, 100% used [0x0000000715580000,0x000000071d000000,0x000000071d000000)
  from space 16384K, 0% used [0x000000071d000000,0x000000071d000000,0x000000071e000000)
  to   space 17408K, 0% used [0x0000000722a80000,0x0000000722a80000,0x0000000723b80000)
 ParOldGen       total 92160K, used 34787K [0x00000005c0000000, 0x00000005c5a00000, 0x0000000715580000)
  object space 92160K, 37% used [0x00000005c0000000,0x00000005c21f8fa0,0x00000005c5a00000)
 Metaspace       used 21033K, capacity 21442K, committed 21760K, reserved 1069056K
  class space    used 2399K, capacity 2526K, committed 2560K, reserved 1048576K
Event: 20.350 GC heap after
Heap after GC invocations=11 (full 1):
 PSYoungGen      total 177152K, used 12064K [0x0000000715580000, 0x0000000723680000, 0x00000007c0000000)
  eden space 164864K, 0% used [0x0000000715580000,0x0000000715580000,0x000000071f680000)
  from space 12288K, 98% used [0x0000000722a80000,0x0000000723648360,0x0000000723680000)
  to   space 17408K, 0% used [0x0000000721480000,0x0000000721480000,0x0000000722580000)
 ParOldGen       total 92160K, used 34795K [0x00000005c0000000, 0x00000005c5a00000, 0x0000000715580000)
  object space 92160K, 37% used [0x00000005c0000000,0x00000005c21fafa0,0x00000005c5a00000)
 Metaspace       used 21033K, capacity 21442K, committed 21760K, reserved 1069056K
  class space    used 2399K, capacity 2526K, committed 2560K, reserved 1048576K
}
Event: 30.131 GC heap before
{Heap before GC invocations=12 (full 1):
 PSYoungGen      total 177152K, used 176928K [0x0000000715580000, 0x0000000723680000, 0x00000007c0000000)
  eden space 164864K, 100% used [0x0000000715580000,0x000000071f680000,0x000000071f680000)
  from space 12288K, 98% used [0x0000000722a80000,0x0000000723648360,0x0000000723680000)
  to   space 17408K, 0% used [0x0000000721480000,0x0000000721480000,0x0000000722580000)
 ParOldGen       total 92160K, used 34795K [0x00000005c0000000, 0x00000005c5a00000, 0x0000000715580000)
  object space 92160K, 37% used [0x00000005c0000000,0x00000005c21fafa0,0x00000005c5a00000)
 Metaspace       used 23805K, capacity 24238K, committed 24576K, reserved 1071104K
  class space    used 2638K, capacity 2758K, committed 2816K, reserved 1048576K
Event: 30.186 GC heap after
Heap after GC invocations=12 (full 1):
 PSYoungGen      total 212992K, used 17397K [0x0000000715580000, 0x0000000724e80000, 0x00000007c0000000)
  eden space 195584K, 0% used [0x0000000715580000,0x0000000715580000,0x0000000721480000)
  from space 17408K, 99% used [0x0000000721480000,0x000000072257d648,0x0000000722580000)
  to   space 22016K, 0% used [0x0000000723900000,0x0000000723900000,0x0000000724e80000)
 ParOldGen       total 92160K, used 41439K [0x00000005c0000000, 0x00000005c5a00000, 0x0000000715580000)
  object space 92160K, 44% used [0x00000005c0000000,0x00000005c2877f50,0x00000005c5a00000)
 Metaspace       used 23805K, capacity 24238K, committed 24576K, reserved 1071104K
  class space    used 2638K, capacity 2758K, committed 2816K, reserved 1048576K
}
Event: 35.044 GC heap before
{Heap before GC invocations=13 (full 1):
 PSYoungGen      total 212992K, used 212981K [0x0000000715580000, 0x0000000724e80000, 0x00000007c0000000)
  eden space 195584K, 100% used [0x0000000715580000,0x0000000721480000,0x0000000721480000)
  from space 17408K, 99% used [0x0000000721480000,0x000000072257d648,0x0000000722580000)
  to   space 22016K, 0% used [0x0000000723900000,0x0000000723900000,0x0000000724e80000)
 ParOldGen       total 92160K, used 41439K [0x00000005c0000000, 0x00000005c5a00000, 0x0000000715580000)
  object space 92160K, 44% used [0x00000005c0000000,0x00000005c2877f50,0x00000005c5a00000)
 Metaspace       used 29315K, capacity 29986K, committed 30080K, reserved 1075200K
  class space    used 3248K, capacity 3393K, committed 3456K, reserved 1048576K
Event: 35.138 GC heap after
Heap after GC invocations=13 (full 1):
 PSYoungGen      total 217600K, used 21999K [0x0000000715580000, 0x0000000724e80000, 0x00000007c0000000)
  eden space 195584K, 0% used [0x0000000715580000,0x0000000715580000,0x0000000721480000)
  from space 22016K, 99% used [0x0000000723900000,0x0000000724e7beb8,0x0000000724e80000)
  to   space 17408K, 0% used [0x0000000721480000,0x0000000721480000,0x0000000722580000)
 ParOldGen       total 92160K, used 65810K [0x00000005c0000000, 0x00000005c5a00000, 0x0000000715580000)
  object space 92160K, 71% used [0x00000005c0000000,0x00000005c4044930,0x00000005c5a00000)
 Metaspace       used 29315K, capacity 29986K, committed 30080K, reserved 1075200K
  class space    used 3248K, capacity 3393K, committed 3456K, reserved 1048576K
}

